Build started 11/12/2014 16:00:50.
     1>Project "E:\Master Programacion Videojuegos\Arquitectura-software\Proto\u-gine.vcxproj" on node 2 (Build target(s)).
     1>ClCompile:
         D:\Visual Studio\VC\bin\CL.exe /c /ZI /nologo /W3 /WX- /Od /Oy- /D _CRT_SECURE_NO_WARNINGS /D WIN32 /D _DEBUG /D _CONSOLE /D _UNICODE /D UNICODE /Gm /EHsc /RTC1 /MDd /GS /fp:precise /Zc:wchar_t /Zc:forScope /Fo"Debug\\" /Fd"Debug\vc120.pdb" /Gd /TP /analyze- /errorReport:prompt src\screen.cpp
         screen.cpp
       Link:
         D:\Visual Studio\VC\bin\link.exe /ERRORREPORT:PROMPT /OUT:"E:\Master Programacion Videojuegos\Arquitectura-software\Proto\Debug\u-gine.exe" /INCREMENTAL /NOLOGO /LIBPATH:lib glfw.win32.lib opengl32.lib kernel32.lib user32.lib gdi32.lib winspool.lib comdlg32.lib advapi32.lib shell32.lib ole32.lib oleaut32.lib uuid.lib odbc32.lib odbccp32.lib kernel32.lib user32.lib gdi32.lib winspool.lib comdlg32.lib advapi32.lib shell32.lib ole32.lib oleaut32.lib uuid.lib odbc32.lib odbccp32.lib /MANIFEST /MANIFESTUAC:"level='asInvoker' uiAccess='false'" /manifest:embed /DEBUG /PDB:"E:\Master Programacion Videojuegos\Arquitectura-software\Proto\Debug\u-gine.pdb" /SUBSYSTEM:CONSOLE /TLBID:1 /DYNAMICBASE /NXCOMPAT /IMPLIB:"E:\Master Programacion Videojuegos\Arquitectura-software\Proto\Debug\u-gine.lib" /MACHINE:X86 Debug\stb_image.obj
         Debug\main.obj
         Debug\bone.obj
         Debug\font.obj
         Debug\image.obj
         Debug\math.obj
         Debug\renderer.obj
         Debug\resourcemanager.obj
         Debug\screen.obj
         Debug\skeletondata.obj
         Debug\skeletonsprite.obj
         Debug\sprite.obj
     1>LINK : warning LNK4098: defaultlib 'MSVCRT' conflicts with use of other libs; use /NODEFAULTLIB:library
         u-gine.vcxproj -> E:\Master Programacion Videojuegos\Arquitectura-software\Proto\Debug\u-gine.exe
     1>Done Building Project "E:\Master Programacion Videojuegos\Arquitectura-software\Proto\u-gine.vcxproj" (Build target(s)).

Build succeeded.

Time Elapsed 00:00:00.25
