Build started 10/12/2014 16:02:07.
     1>Project "E:\Master Programacion Videojuegos\Arquitectura-software\Prototipado\u-gine.vcxproj" on node 2 (Build target(s)).
     1>ClCompile:
         D:\Visual Studio\VC\bin\CL.exe /c /ZI /nologo /W3 /WX- /Od /Oy- /D _CRT_SECURE_NO_WARNINGS /D WIN32 /D _DEBUG /D _CONSOLE /D _UNICODE /D UNICODE /Gm /EHsc /RTC1 /MDd /GS /fp:precise /Zc:wchar_t /Zc:forScope /Fo"Debug\\" /Fd"Debug\vc120.pdb" /Gd /TP /analyze- /errorReport:prompt main.cpp
         main.cpp
     1>e:\master programacion videojuegos\arquitectura-software\prototipado\include\sprite.h(51): warning C4244: 'return' : conversion from 'const double' to 'uint16', possible loss of data
     1>e:\master programacion videojuegos\arquitectura-software\prototipado\main.cpp(60): warning C4244: '+=' : conversion from 'double' to 'float', possible loss of data
     1>e:\master programacion videojuegos\arquitectura-software\prototipado\main.cpp(63): warning C4244: 'argument' : conversion from 'float' to 'int', possible loss of data
     1>e:\master programacion videojuegos\arquitectura-software\prototipado\main.cpp(112): warning C4244: '+=' : conversion from 'double' to 'float', possible loss of data
     1>e:\master programacion videojuegos\arquitectura-software\prototipado\main.cpp(113): warning C4244: '+=' : conversion from 'double' to 'float', possible loss of data
     1>e:\master programacion videojuegos\arquitectura-software\prototipado\main.cpp(122): warning C4244: '=' : conversion from 'int' to 'float', possible loss of data
     1>e:\master programacion videojuegos\arquitectura-software\prototipado\main.cpp(128): warning C4244: '=' : conversion from 'int' to 'float', possible loss of data
       Link:
         D:\Visual Studio\VC\bin\link.exe /ERRORREPORT:PROMPT /OUT:"E:\Master Programacion Videojuegos\Arquitectura-software\Prototipado\Debug\u-gine.exe" /INCREMENTAL /NOLOGO /LIBPATH:lib glfw.win32.lib opengl32.lib kernel32.lib user32.lib gdi32.lib winspool.lib comdlg32.lib advapi32.lib shell32.lib ole32.lib oleaut32.lib uuid.lib odbc32.lib odbccp32.lib kernel32.lib user32.lib gdi32.lib winspool.lib comdlg32.lib advapi32.lib shell32.lib ole32.lib oleaut32.lib uuid.lib odbc32.lib odbccp32.lib /MANIFEST /MANIFESTUAC:"level='asInvoker' uiAccess='false'" /manifest:embed /DEBUG /PDB:"E:\Master Programacion Videojuegos\Arquitectura-software\Prototipado\Debug\u-gine.pdb" /SUBSYSTEM:CONSOLE /TLBID:1 /DYNAMICBASE /NXCOMPAT /IMPLIB:"E:\Master Programacion Videojuegos\Arquitectura-software\Prototipado\Debug\u-gine.lib" /MACHINE:X86 Debug\stb_image.obj
         Debug\main.obj
         Debug\bone.obj
         Debug\font.obj
         Debug\glyph.obj
         Debug\image.obj
         Debug\math.obj
         Debug\renderer.obj
         Debug\resourcemanager.obj
         Debug\screen.obj
         Debug\skeletondata.obj
         Debug\skeletonsprite.obj
         Debug\sprite.obj
         u-gine.vcxproj -> E:\Master Programacion Videojuegos\Arquitectura-software\Prototipado\Debug\u-gine.exe
     1>Done Building Project "E:\Master Programacion Videojuegos\Arquitectura-software\Prototipado\u-gine.vcxproj" (Build target(s)).

Build succeeded.

Time Elapsed 00:00:00.66
